<?xml version="1.0" encoding="UTF-8"?>
<testsuite name="io.hexplain.saas.review.ReviewProbes" tests="4" skipped="0" failures="0" errors="0" timestamp="2026-09-05T15:41:10" hostname="THEMATRIX" time="1.448">
  <properties/>
  <testcase name="cacheMisattributesAndFailedRunLooksImproved()" classname="io.hexplain.saas.review.ReviewProbes" time="1.401"/>
  <testcase name="invalidVersionBypassesGate()" classname="io.hexplain.saas.review.ReviewProbes" time="0.005"/>
  <testcase name="ignoredLayoutExpressionsAndConditions()" classname="io.hexplain.saas.review.ReviewProbes" time="0.034"/>
  <testcase name="numericCounterexamples()" classname="io.hexplain.saas.review.ReviewProbes" time="0.003"/>
  <system-out><![CDATA[]]></system-out>
  <system-err><![CDATA[]]></system-err>
</testsuite>
